  Camera.cpp
C:\Users\fko2347024\Desktop\GitHub\MyGame\JumpJump_Test\Object\Camera.cpp(62,28): error C2039: 'GetPos': 'Player' のメンバーではありません
C:\Users\fko2347024\Desktop\GitHub\MyGame\JumpJump_Test\Object\Stage\StageTest.h(3,7): message : 'Player' の宣言を確認してください
  CharacterBase.cpp
  ObjectBase.cpp
  ObjectManager.cpp
  Player.cpp
  StageTest.cpp
C:\Users\fko2347024\Desktop\GitHub\MyGame\JumpJump_Test\Object\Stage\StageTest.cpp(83,25): error C2039: 'GetPos': 'Player' のメンバーではありません
C:\Users\fko2347024\Desktop\GitHub\MyGame\JumpJump_Test\Object\Player.h(20,7): message : 'Player' の宣言を確認してください
C:\Users\fko2347024\Desktop\GitHub\MyGame\JumpJump_Test\Object\Stage\StageTest.cpp(213,13): error C2039: 'GetState': 'Player' のメンバーではありません
C:\Users\fko2347024\Desktop\GitHub\MyGame\JumpJump_Test\Object\Player.h(20,7): message : 'Player' の宣言を確認してください
C:\Users\fko2347024\Desktop\GitHub\MyGame\JumpJump_Test\Object\Stage\StageTest.cpp(213,35): error C3083: 'State': '::' の左側のシンボルには、型を指定しなければなりません
C:\Users\fko2347024\Desktop\GitHub\MyGame\JumpJump_Test\Object\Stage\StageTest.cpp(213,42): error C2039: 'Jump': 'Player' のメンバーではありません
C:\Users\fko2347024\Desktop\GitHub\MyGame\JumpJump_Test\Object\Player.h(20,7): message : 'Player' の宣言を確認してください
C:\Users\fko2347024\Desktop\GitHub\MyGame\JumpJump_Test\Object\Stage\StageTest.cpp(213,5): error C2065: 'Jump': 定義されていない識別子です。
C:\Users\fko2347024\Desktop\GitHub\MyGame\JumpJump_Test\Object\Stage\StageTest.cpp(252,11): error C2039: 'OnHitRoof': 'Player' のメンバーではありません
C:\Users\fko2347024\Desktop\GitHub\MyGame\JumpJump_Test\Object\Player.h(20,7): message : 'Player' の宣言を確認してください
C:\Users\fko2347024\Desktop\GitHub\MyGame\JumpJump_Test\Object\Stage\StageTest.cpp(268,15): error C2039: 'GetState': 'Player' のメンバーではありません
C:\Users\fko2347024\Desktop\GitHub\MyGame\JumpJump_Test\Object\Player.h(20,7): message : 'Player' の宣言を確認してください
C:\Users\fko2347024\Desktop\GitHub\MyGame\JumpJump_Test\Object\Stage\StageTest.cpp(268,37): error C3083: 'State': '::' の左側のシンボルには、型を指定しなければなりません
C:\Users\fko2347024\Desktop\GitHub\MyGame\JumpJump_Test\Object\Stage\StageTest.cpp(268,44): error C2039: 'Jump': 'Player' のメンバーではありません
C:\Users\fko2347024\Desktop\GitHub\MyGame\JumpJump_Test\Object\Player.h(20,7): message : 'Player' の宣言を確認してください
C:\Users\fko2347024\Desktop\GitHub\MyGame\JumpJump_Test\Object\Stage\StageTest.cpp(268,48): error C2065: 'Jump': 定義されていない識別子です。
C:\Users\fko2347024\Desktop\GitHub\MyGame\JumpJump_Test\Object\Stage\StageTest.cpp(301,11): error C2039: 'OnHitFloor': 'Player' のメンバーではありません
C:\Users\fko2347024\Desktop\GitHub\MyGame\JumpJump_Test\Object\Player.h(20,7): message : 'Player' の宣言を確認してください
C:\Users\fko2347024\Desktop\GitHub\MyGame\JumpJump_Test\Object\Stage\StageTest.cpp(306,11): error C2039: 'OnFall': 'Player' のメンバーではありません
C:\Users\fko2347024\Desktop\GitHub\MyGame\JumpJump_Test\Object\Player.h(20,7): message : 'Player' の宣言を確認してください
  SceneTest.cpp
C:\Users\fko2347024\Desktop\GitHub\MyGame\JumpJump_Test\Scene\SceneTest.cpp(4,10): fatal  error C1083: include ファイルを開けません。'../Camera.h':No such file or directory
  コードを生成中...
